<?xml version="1.0" encoding="UTF-8"?>
<testng-results ignored="0" total="1" passed="1" failed="0" skipped="0">
  <reporter-output>
  </reporter-output>
  <suite started-at="2026-03-09T14:13:19 IST" name="Surefire suite" finished-at="2026-03-09T14:13:33 IST" duration-ms="14904">
    <groups>
    </groups>
    <test started-at="2026-03-09T14:13:19 IST" name="Surefire test" finished-at="2026-03-09T14:13:33 IST" duration-ms="14904">
      <class name="LoginTest">
        <test-method signature="openTrashApp()[pri:0, instance:LoginTest@419c5f1a]" started-at="2026-03-09T14:13:19 IST" name="openTrashApp" finished-at="2026-03-09T14:13:33 IST" duration-ms="14849" status="PASS">
          <reporter-output>
          </reporter-output>
        </test-method> <!-- openTrashApp -->
      </class> <!-- LoginTest -->
    </test> <!-- Surefire test -->
  </suite> <!-- Surefire suite -->
</testng-results>
